<?xml version="1.0" encoding="UTF-8"?>
<!-- Generated by org.testng.reporters.JUnitReportReporter -->
<testsuite hostname="DESKTOP-O2BJP0J" failures="0" tests="1" name="testCases.TC_001Udemy" time="0.197" errors="0" timestamp="2023-09-18T22:52:34 PDT" skipped="0">
  <testcase classname="testCases.TC_001Udemy" name="logging_In" time="0.197"/>
</testsuite> <!-- testCases.TC_001Udemy -->
